<?xml version="1.0" encoding="UTF-8"?>
<!-- Generated by org.testng.reporters.JUnitXMLReporter -->
<testsuite hostname="LAPTOP-JVNL5G83" ignored="0" name="Default test" tests="2" failures="0" timestamp="11 Apr 2020 05:21:46 GMT" time="1.198" errors="0">
  <testcase name="getStatusCode" time="0.007" classname="MiniRestApiProject.MiniRestApiProject.Delete_Game"/>
  <testcase name="responseBody" time="0.015" classname="MiniRestApiProject.MiniRestApiProject.Delete_Game"/>
</testsuite> <!-- Default test -->
