<?xml version="1.0" encoding="UTF-8"?>
<!-- Generated by org.testng.reporters.JUnitXMLReporter -->
<testsuite hostname="LAPTOP-JVNL5G83" ignored="0" name="Test" tests="10" failures="0" timestamp="11 Apr 2020 05:22:43 GMT" time="11.272" errors="0">
  <testcase name="getStatusCode" time="0.006" classname="MiniRestApiProject.MiniRestApiProject.GET_All_Games"/>
  <testcase name="responseBody" time="0.019" classname="MiniRestApiProject.MiniRestApiProject.GET_All_Games"/>
  <testcase name="getResponseBody" time="0.002" classname="MiniRestApiProject.MiniRestApiProject.Update_a_Game"/>
  <testcase name="getStatusCode" time="0.001" classname="MiniRestApiProject.MiniRestApiProject.Update_a_Game"/>
  <testcase name="getStatusCode" time="0.001" classname="MiniRestApiProject.MiniRestApiProject.GET_Single_Game"/>
  <testcase name="responseBody" time="0.001" classname="MiniRestApiProject.MiniRestApiProject.GET_Single_Game"/>
  <testcase name="getStatusCode" time="0.0" classname="MiniRestApiProject.MiniRestApiProject.Delete_Game"/>
  <testcase name="responseBody" time="0.001" classname="MiniRestApiProject.MiniRestApiProject.Delete_Game"/>
  <testcase name="getResponseBody" time="0.001" classname="MiniRestApiProject.MiniRestApiProject.Post_New_Game"/>
  <testcase name="getStatusCode" time="0.001" classname="MiniRestApiProject.MiniRestApiProject.Post_New_Game"/>
</testsuite> <!-- Test -->
